{"/Users/banna/alpheya/pocs/Knative-open-nextjs/packages/kn-next/src/adapters/bytecode-metrics.ts": {"path":"/Users/banna/alpheya/pocs/Knative-open-nextjs/packages/kn-next/src/adapters/bytecode-metrics.ts","statementMap":{"0":{"start":{"line":1,"column":38},"end":{"line":1,"column":null}},"1":{"start":{"line":2,"column":21},"end":{"line":2,"column":null}},"2":{"start":{"line":12,"column":17},"end":{"line":12,"column":null}},"3":{"start":{"line":13,"column":17},"end":{"line":13,"column":null}},"4":{"start":{"line":16,"column":31},"end":{"line":16,"column":null}},"5":{"start":{"line":19,"column":0},"end":{"line":19,"column":null}},"6":{"start":{"line":24,"column":31},"end":{"line":30,"column":null}},"7":{"start":{"line":33,"column":31},"end":{"line":38,"column":null}},"8":{"start":{"line":41,"column":30},"end":{"line":46,"column":null}},"9":{"start":{"line":49,"column":30},"end":{"line":54,"column":null}},"10":{"start":{"line":57,"column":31},"end":{"line":62,"column":null}},"11":{"start":{"line":73,"column":2},"end":{"line":95,"column":null}},"12":{"start":{"line":74,"column":18},"end":{"line":74,"column":null}},"13":{"start":{"line":75,"column":21},"end":{"line":75,"column":null}},"14":{"start":{"line":76,"column":20},"end":{"line":76,"column":null}},"15":{"start":{"line":78,"column":4},"end":{"line":89,"column":null}},"16":{"start":{"line":79,"column":6},"end":{"line":88,"column":null}},"17":{"start":{"line":80,"column":25},"end":{"line":80,"column":null}},"18":{"start":{"line":81,"column":21},"end":{"line":81,"column":null}},"19":{"start":{"line":82,"column":8},"end":{"line":85,"column":null}},"20":{"start":{"line":83,"column":10},"end":{"line":83,"column":null}},"21":{"start":{"line":84,"column":10},"end":{"line":84,"column":null}},"22":{"start":{"line":91,"column":4},"end":{"line":91,"column":null}},"23":{"start":{"line":94,"column":4},"end":{"line":94,"column":null}},"24":{"start":{"line":103,"column":18},"end":{"line":103,"column":null}},"25":{"start":{"line":105,"column":24},"end":{"line":120,"column":null}},"26":{"start":{"line":106,"column":4},"end":{"line":119,"column":null}},"27":{"start":{"line":107,"column":28},"end":{"line":107,"column":null}},"28":{"start":{"line":108,"column":23},"end":{"line":108,"column":null}},"29":{"start":{"line":110,"column":6},"end":{"line":116,"column":null}},"30":{"start":{"line":111,"column":8},"end":{"line":111,"column":null}},"31":{"start":{"line":112,"column":8},"end":{"line":112,"column":null}},"32":{"start":{"line":115,"column":8},"end":{"line":115,"column":null}},"33":{"start":{"line":123,"column":2},"end":{"line":123,"column":null}},"34":{"start":{"line":131,"column":19},"end":{"line":131,"column":null}},"35":{"start":{"line":133,"column":2},"end":{"line":137,"column":null}},"36":{"start":{"line":134,"column":4},"end":{"line":134,"column":null}},"37":{"start":{"line":135,"column":4},"end":{"line":135,"column":null}},"38":{"start":{"line":136,"column":4},"end":{"line":136,"column":null}},"39":{"start":{"line":139,"column":2},"end":{"line":139,"column":null}},"40":{"start":{"line":141,"column":44},"end":{"line":141,"column":null}},"41":{"start":{"line":144,"column":2},"end":{"line":144,"column":null}},"42":{"start":{"line":145,"column":2},"end":{"line":145,"column":null}},"43":{"start":{"line":146,"column":2},"end":{"line":146,"column":null}},"44":{"start":{"line":148,"column":2},"end":{"line":151,"column":null}},"45":{"start":{"line":154,"column":2},"end":{"line":154,"column":null}},"46":{"start":{"line":162,"column":19},"end":{"line":162,"column":null}},"47":{"start":{"line":163,"column":22},"end":{"line":163,"column":null}},"48":{"start":{"line":166,"column":24},"end":{"line":166,"column":null}},"49":{"start":{"line":168,"column":2},"end":{"line":171,"column":null}},"50":{"start":{"line":173,"column":2},"end":{"line":175,"column":null}}},"fnMap":{"0":{"name":"scanCacheDirectory","decl":{"start":{"line":68,"column":9},"end":{"line":68,"column":28}},"loc":{"start":{"line":72,"column":2},"end":{"line":96,"column":null}},"line":72},"1":{"name":"watchCacheWrites","decl":{"start":{"line":102,"column":9},"end":{"line":102,"column":26}},"loc":{"start":{"line":102,"column":50},"end":{"line":124,"column":null}},"line":102},"2":{"name":"(anonymous_2)","decl":{"start":{"line":105,"column":36},"end":{"line":105,"column":42}},"loc":{"start":{"line":105,"column":42},"end":{"line":120,"column":5}},"line":105},"3":{"name":"initBytecodeCacheMetrics","decl":{"start":{"line":130,"column":16},"end":{"line":130,"column":49}},"loc":{"start":{"line":130,"column":49},"end":{"line":155,"column":null}},"line":130},"4":{"name":"recordServerReady","decl":{"start":{"line":161,"column":16},"end":{"line":161,"column":42}},"loc":{"start":{"line":161,"column":42},"end":{"line":176,"column":null}},"line":161}},"branchMap":{"0":{"loc":{"start":{"line":12,"column":17},"end":{"line":12,"column":null}},"type":"binary-expr","locations":[{"start":{"line":12,"column":17},"end":{"line":12,"column":44}},{"start":{"line":12,"column":44},"end":{"line":12,"column":76}},{"start":{"line":12,"column":76},"end":{"line":12,"column":null}}],"line":12},"1":{"loc":{"start":{"line":13,"column":17},"end":{"line":13,"column":null}},"type":"binary-expr","locations":[{"start":{"line":13,"column":17},"end":{"line":13,"column":69}},{"start":{"line":13,"column":69},"end":{"line":13,"column":null}}],"line":13},"2":{"loc":{"start":{"line":82,"column":8},"end":{"line":85,"column":null}},"type":"if","locations":[{"start":{"line":82,"column":8},"end":{"line":85,"column":null}},{"start":{},"end":{}}],"line":82},"3":{"loc":{"start":{"line":110,"column":6},"end":{"line":116,"column":null}},"type":"if","locations":[{"start":{"line":110,"column":6},"end":{"line":116,"column":null}},{"start":{},"end":{}}],"line":110},"4":{"loc":{"start":{"line":133,"column":2},"end":{"line":137,"column":null}},"type":"if","locations":[{"start":{"line":133,"column":2},"end":{"line":137,"column":null}},{"start":{},"end":{}}],"line":133},"5":{"loc":{"start":{"line":146,"column":60},"end":{"line":146,"column":74}},"type":"cond-expr","locations":[{"start":{"line":146,"column":69},"end":{"line":146,"column":73}},{"start":{"line":146,"column":73},"end":{"line":146,"column":74}}],"line":146},"6":{"loc":{"start":{"line":149,"column":33},"end":{"line":149,"column":63}},"type":"cond-expr","locations":[{"start":{"line":149,"column":42},"end":{"line":149,"column":54}},{"start":{"line":149,"column":54},"end":{"line":149,"column":63}}],"line":149},"7":{"loc":{"start":{"line":163,"column":22},"end":{"line":163,"column":null}},"type":"cond-expr","locations":[{"start":{"line":163,"column":33},"end":{"line":163,"column":42}},{"start":{"line":163,"column":42},"end":{"line":163,"column":null}}],"line":163}},"s":{"0":6,"1":6,"2":6,"3":6,"4":6,"5":6,"6":6,"7":6,"8":6,"9":6,"10":6,"11":3,"12":3,"13":3,"14":3,"15":3,"16":3,"17":3,"18":3,"19":3,"20":3,"21":3,"22":3,"23":0,"24":3,"25":3,"26":0,"27":0,"28":0,"29":0,"30":0,"31":0,"32":0,"33":3,"34":5,"35":5,"36":2,"37":2,"38":2,"39":3,"40":3,"41":3,"42":3,"43":3,"44":5,"45":5,"46":2,"47":2,"48":2,"49":2,"50":2},"f":{"0":3,"1":3,"2":0,"3":5,"4":2},"b":{"0":[6,6,0],"1":[6,3],"2":[3,0],"3":[0,0],"4":[2,3],"5":[2,1],"6":[2,1],"7":[0,2]},"meta":{"lastBranch":8,"lastFunction":5,"lastStatement":51,"seen":{"s:1:38:1:Infinity":0,"s:2:21:2:Infinity":1,"s:12:17:12:Infinity":2,"b:12:17:12:44:12:44:12:76:12:76:12:Infinity":0,"s:13:17:13:Infinity":3,"b:13:17:13:69:13:69:13:Infinity":1,"s:16:31:16:Infinity":4,"s:19:0:19:Infinity":5,"s:24:31:30:Infinity":6,"s:33:31:38:Infinity":7,"s:41:30:46:Infinity":8,"s:49:30:54:Infinity":9,"s:57:31:62:Infinity":10,"f:68:9:68:28":0,"s:73:2:95:Infinity":11,"s:74:18:74:Infinity":12,"s:75:21:75:Infinity":13,"s:76:20:76:Infinity":14,"s:78:4:89:Infinity":15,"s:79:6:88:Infinity":16,"s:80:25:80:Infinity":17,"s:81:21:81:Infinity":18,"b:82:8:85:Infinity:undefined:undefined:undefined:undefined":2,"s:82:8:85:Infinity":19,"s:83:10:83:Infinity":20,"s:84:10:84:Infinity":21,"s:91:4:91:Infinity":22,"s:94:4:94:Infinity":23,"f:102:9:102:26":1,"s:103:18:103:Infinity":24,"s:105:24:120:Infinity":25,"f:105:36:105:42":2,"s:106:4:119:Infinity":26,"s:107:28:107:Infinity":27,"s:108:23:108:Infinity":28,"b:110:6:116:Infinity:undefined:undefined:undefined:undefined":3,"s:110:6:116:Infinity":29,"s:111:8:111:Infinity":30,"s:112:8:112:Infinity":31,"s:115:8:115:Infinity":32,"s:123:2:123:Infinity":33,"f:130:16:130:49":3,"s:131:19:131:Infinity":34,"b:133:2:137:Infinity:undefined:undefined:undefined:undefined":4,"s:133:2:137:Infinity":35,"s:134:4:134:Infinity":36,"s:135:4:135:Infinity":37,"s:136:4:136:Infinity":38,"s:139:2:139:Infinity":39,"s:141:44:141:Infinity":40,"s:144:2:144:Infinity":41,"s:145:2:145:Infinity":42,"s:146:2:146:Infinity":43,"b:146:69:146:73:146:73:146:74":5,"s:148:2:151:Infinity":44,"b:149:42:149:54:149:54:149:63":6,"s:154:2:154:Infinity":45,"f:161:16:161:42":4,"s:162:19:162:Infinity":46,"s:163:22:163:Infinity":47,"b:163:33:163:42:163:42:163:Infinity":7,"s:166:24:166:Infinity":48,"s:168:2:171:Infinity":49,"s:173:2:175:Infinity":50}}}
,"/Users/banna/alpheya/pocs/Knative-open-nextjs/packages/kn-next/src/adapters/cache-events.ts": {"path":"/Users/banna/alpheya/pocs/Knative-open-nextjs/packages/kn-next/src/adapters/cache-events.ts","statementMap":{"0":{"start":{"line":27,"column":0},"end":{"line":29,"column":null}},"1":{"start":{"line":28,"column":2},"end":{"line":28,"column":null}},"2":{"start":{"line":30,"column":0},"end":{"line":32,"column":null}},"3":{"start":{"line":31,"column":2},"end":{"line":31,"column":null}},"4":{"start":{"line":34,"column":19},"end":{"line":34,"column":null}},"5":{"start":{"line":49,"column":28},"end":{"line":56,"column":null}},"6":{"start":{"line":58,"column":2},"end":{"line":58,"column":null}},"7":{"start":{"line":61,"column":2},"end":{"line":63,"column":null}},"8":{"start":{"line":62,"column":4},"end":{"line":62,"column":null}},"9":{"start":{"line":66,"column":16},"end":{"line":73,"column":null}},"10":{"start":{"line":75,"column":2},"end":{"line":77,"column":null}},"11":{"start":{"line":84,"column":2},"end":{"line":84,"column":null}},"12":{"start":{"line":91,"column":17},"end":{"line":91,"column":null}},"13":{"start":{"line":93,"column":15},"end":{"line":93,"column":null}},"14":{"start":{"line":93,"column":36},"end":{"line":93,"column":52}},"15":{"start":{"line":94,"column":17},"end":{"line":94,"column":null}},"16":{"start":{"line":94,"column":38},"end":{"line":94,"column":55}},"17":{"start":{"line":95,"column":15},"end":{"line":95,"column":null}},"18":{"start":{"line":95,"column":36},"end":{"line":95,"column":52}},"19":{"start":{"line":96,"column":18},"end":{"line":96,"column":null}},"20":{"start":{"line":96,"column":39},"end":{"line":96,"column":58}},"21":{"start":{"line":97,"column":24},"end":{"line":97,"column":null}},"22":{"start":{"line":97,"column":45},"end":{"line":97,"column":68}},"23":{"start":{"line":98,"column":24},"end":{"line":98,"column":null}},"24":{"start":{"line":98,"column":45},"end":{"line":98,"column":68}},"25":{"start":{"line":100,"column":16},"end":{"line":100,"column":null}},"26":{"start":{"line":101,"column":18},"end":{"line":101,"column":null}},"27":{"start":{"line":103,"column":2},"end":{"line":112,"column":null}},"28":{"start":{"line":119,"column":2},"end":{"line":119,"column":null}}},"fnMap":{"0":{"name":"logCacheEvent","decl":{"start":{"line":39,"column":16},"end":{"line":39,"column":null}},"loc":{"start":{"line":48,"column":8},"end":{"line":78,"column":null}},"line":48},"1":{"name":"getCacheEvents","decl":{"start":{"line":83,"column":16},"end":{"line":83,"column":47}},"loc":{"start":{"line":83,"column":47},"end":{"line":85,"column":null}},"line":83},"2":{"name":"getCacheStats","decl":{"start":{"line":90,"column":16},"end":{"line":90,"column":32}},"loc":{"start":{"line":90,"column":32},"end":{"line":113,"column":null}},"line":90},"3":{"name":"(anonymous_3)","decl":{"start":{"line":93,"column":29},"end":{"line":93,"column":30}},"loc":{"start":{"line":93,"column":36},"end":{"line":93,"column":52}},"line":93},"4":{"name":"(anonymous_4)","decl":{"start":{"line":94,"column":31},"end":{"line":94,"column":32}},"loc":{"start":{"line":94,"column":38},"end":{"line":94,"column":55}},"line":94},"5":{"name":"(anonymous_5)","decl":{"start":{"line":95,"column":29},"end":{"line":95,"column":30}},"loc":{"start":{"line":95,"column":36},"end":{"line":95,"column":52}},"line":95},"6":{"name":"(anonymous_6)","decl":{"start":{"line":96,"column":32},"end":{"line":96,"column":33}},"loc":{"start":{"line":96,"column":39},"end":{"line":96,"column":58}},"line":96},"7":{"name":"(anonymous_7)","decl":{"start":{"line":97,"column":38},"end":{"line":97,"column":39}},"loc":{"start":{"line":97,"column":45},"end":{"line":97,"column":68}},"line":97},"8":{"name":"(anonymous_8)","decl":{"start":{"line":98,"column":38},"end":{"line":98,"column":39}},"loc":{"start":{"line":98,"column":45},"end":{"line":98,"column":68}},"line":98},"9":{"name":"clearCacheEvents","decl":{"start":{"line":118,"column":16},"end":{"line":118,"column":41}},"loc":{"start":{"line":118,"column":41},"end":{"line":120,"column":null}},"line":118}},"branchMap":{"0":{"loc":{"start":{"line":27,"column":0},"end":{"line":29,"column":null}},"type":"if","locations":[{"start":{"line":27,"column":0},"end":{"line":29,"column":null}},{"start":{},"end":{}}],"line":27},"1":{"loc":{"start":{"line":30,"column":0},"end":{"line":32,"column":null}},"type":"if","locations":[{"start":{"line":30,"column":0},"end":{"line":32,"column":null}},{"start":{},"end":{}}],"line":30},"2":{"loc":{"start":{"line":61,"column":2},"end":{"line":63,"column":null}},"type":"if","locations":[{"start":{"line":61,"column":2},"end":{"line":63,"column":null}},{"start":{},"end":{}}],"line":61},"3":{"loc":{"start":{"line":76,"column":52},"end":{"line":76,"column":95}},"type":"cond-expr","locations":[{"start":{"line":76,"column":67},"end":{"line":76,"column":93}},{"start":{"line":76,"column":93},"end":{"line":76,"column":95}}],"line":76},"4":{"loc":{"start":{"line":76,"column":98},"end":{"line":76,"column":153}},"type":"cond-expr","locations":[{"start":{"line":76,"column":120},"end":{"line":76,"column":151}},{"start":{"line":76,"column":151},"end":{"line":76,"column":153}}],"line":76},"5":{"loc":{"start":{"line":101,"column":18},"end":{"line":101,"column":null}},"type":"cond-expr","locations":[{"start":{"line":101,"column":30},"end":{"line":101,"column":72}},{"start":{"line":101,"column":72},"end":{"line":101,"column":null}}],"line":101}},"s":{"0":2,"1":2,"2":2,"3":2,"4":2,"5":7,"6":7,"7":7,"8":0,"9":7,"10":7,"11":0,"12":0,"13":0,"14":0,"15":0,"16":0,"17":0,"18":0,"19":0,"20":0,"21":0,"22":0,"23":0,"24":0,"25":0,"26":0,"27":0,"28":0},"f":{"0":7,"1":0,"2":0,"3":0,"4":0,"5":0,"6":0,"7":0,"8":0,"9":0},"b":{"0":[2,0],"1":[2,0],"2":[0,7],"3":[1,6],"4":[1,6],"5":[0,0]},"meta":{"lastBranch":6,"lastFunction":10,"lastStatement":29,"seen":{"b:27:0:29:Infinity:undefined:undefined:undefined:undefined":0,"s:27:0:29:Infinity":0,"s:28:2:28:Infinity":1,"b:30:0:32:Infinity:undefined:undefined:undefined:undefined":1,"s:30:0:32:Infinity":2,"s:31:2:31:Infinity":3,"s:34:19:34:Infinity":4,"f:39:16:39:Infinity":0,"s:49:28:56:Infinity":5,"s:58:2:58:Infinity":6,"b:61:2:63:Infinity:undefined:undefined:undefined:undefined":2,"s:61:2:63:Infinity":7,"s:62:4:62:Infinity":8,"s:66:16:73:Infinity":9,"s:75:2:77:Infinity":10,"b:76:67:76:93:76:93:76:95":3,"b:76:120:76:151:76:151:76:153":4,"f:83:16:83:47":1,"s:84:2:84:Infinity":11,"f:90:16:90:32":2,"s:91:17:91:Infinity":12,"s:93:15:93:Infinity":13,"f:93:29:93:30":3,"s:93:36:93:52":14,"s:94:17:94:Infinity":15,"f:94:31:94:32":4,"s:94:38:94:55":16,"s:95:15:95:Infinity":17,"f:95:29:95:30":5,"s:95:36:95:52":18,"s:96:18:96:Infinity":19,"f:96:32:96:33":6,"s:96:39:96:58":20,"s:97:24:97:Infinity":21,"f:97:38:97:39":7,"s:97:45:97:68":22,"s:98:24:98:Infinity":23,"f:98:38:98:39":8,"s:98:45:98:68":24,"s:100:16:100:Infinity":25,"s:101:18:101:Infinity":26,"b:101:30:101:72:101:72:101:Infinity":5,"s:103:2:112:Infinity":27,"f:118:16:118:41":9,"s:119:2:119:Infinity":28}}}
,"/Users/banna/alpheya/pocs/Knative-open-nextjs/packages/kn-next/src/adapters/gcs-cache.ts": {"path":"/Users/banna/alpheya/pocs/Knative-open-nextjs/packages/kn-next/src/adapters/gcs-cache.ts","statementMap":{"0":{"start":{"line":12,"column":16},"end":{"line":12,"column":null}},"1":{"start":{"line":15,"column":56},"end":{"line":15,"column":null}},"2":{"start":{"line":17,"column":2},"end":{"line":23,"column":null}},"3":{"start":{"line":18,"column":23},"end":{"line":18,"column":null}},"4":{"start":{"line":19,"column":4},"end":{"line":21,"column":null}},"5":{"start":{"line":20,"column":6},"end":{"line":20,"column":null}},"6":{"start":{"line":22,"column":4},"end":{"line":22,"column":null}},"7":{"start":{"line":24,"column":2},"end":{"line":24,"column":null}},"8":{"start":{"line":28,"column":2},"end":{"line":33,"column":null}},"9":{"start":{"line":36,"column":43},"end":{"line":114,"column":null}},"10":{"start":{"line":41,"column":22},"end":{"line":41,"column":null}},"11":{"start":{"line":42,"column":4},"end":{"line":74,"column":null}},"12":{"start":{"line":43,"column":19},"end":{"line":43,"column":null}},"13":{"start":{"line":44,"column":23},"end":{"line":44,"column":null}},"14":{"start":{"line":46,"column":6},"end":{"line":52,"column":null}},"15":{"start":{"line":47,"column":8},"end":{"line":50,"column":null}},"16":{"start":{"line":51,"column":8},"end":{"line":51,"column":null}},"17":{"start":{"line":54,"column":25},"end":{"line":54,"column":null}},"18":{"start":{"line":55,"column":24},"end":{"line":55,"column":null}},"19":{"start":{"line":56,"column":24},"end":{"line":56,"column":null}},"20":{"start":{"line":58,"column":6},"end":{"line":61,"column":null}},"21":{"start":{"line":63,"column":6},"end":{"line":66,"column":null}},"22":{"start":{"line":68,"column":6},"end":{"line":68,"column":null}},"23":{"start":{"line":69,"column":6},"end":{"line":72,"column":null}},"24":{"start":{"line":73,"column":6},"end":{"line":73,"column":null}},"25":{"start":{"line":82,"column":22},"end":{"line":82,"column":null}},"26":{"start":{"line":83,"column":4},"end":{"line":97,"column":null}},"27":{"start":{"line":84,"column":19},"end":{"line":84,"column":null}},"28":{"start":{"line":85,"column":6},"end":{"line":90,"column":null}},"29":{"start":{"line":91,"column":6},"end":{"line":94,"column":null}},"30":{"start":{"line":96,"column":6},"end":{"line":96,"column":null}},"31":{"start":{"line":101,"column":22},"end":{"line":101,"column":null}},"32":{"start":{"line":102,"column":4},"end":{"line":110,"column":null}},"33":{"start":{"line":103,"column":19},"end":{"line":103,"column":null}},"34":{"start":{"line":104,"column":6},"end":{"line":104,"column":null}},"35":{"start":{"line":105,"column":6},"end":{"line":107,"column":null}},"36":{"start":{"line":109,"column":6},"end":{"line":109,"column":null}}},"fnMap":{"0":{"name":"getBucket","decl":{"start":{"line":16,"column":9},"end":{"line":16,"column":21}},"loc":{"start":{"line":16,"column":21},"end":{"line":25,"column":null}},"line":16},"1":{"name":"buildGcsKey","decl":{"start":{"line":27,"column":9},"end":{"line":27,"column":21}},"loc":{"start":{"line":27,"column":69},"end":{"line":34,"column":null}},"line":27},"2":{"name":"(anonymous_2)","decl":{"start":{"line":37,"column":8},"end":{"line":37,"column":null}},"loc":{"start":{"line":40,"column":61},"end":{"line":75,"column":null}},"line":40},"3":{"name":"(anonymous_3)","decl":{"start":{"line":77,"column":8},"end":{"line":77,"column":null}},"loc":{"start":{"line":81,"column":19},"end":{"line":98,"column":null}},"line":81},"4":{"name":"(anonymous_4)","decl":{"start":{"line":100,"column":8},"end":{"line":100,"column":15}},"loc":{"start":{"line":100,"column":43},"end":{"line":111,"column":null}},"line":100}},"branchMap":{"0":{"loc":{"start":{"line":17,"column":2},"end":{"line":23,"column":null}},"type":"if","locations":[{"start":{"line":17,"column":2},"end":{"line":23,"column":null}},{"start":{},"end":{}}],"line":17},"1":{"loc":{"start":{"line":19,"column":4},"end":{"line":21,"column":null}},"type":"if","locations":[{"start":{"line":19,"column":4},"end":{"line":21,"column":null}},{"start":{},"end":{}}],"line":19},"2":{"loc":{"start":{"line":29,"column":4},"end":{"line":29,"column":null}},"type":"binary-expr","locations":[{"start":{"line":29,"column":4},"end":{"line":29,"column":41}},{"start":{"line":29,"column":41},"end":{"line":29,"column":null}}],"line":29},"3":{"loc":{"start":{"line":30,"column":4},"end":{"line":30,"column":null}},"type":"cond-expr","locations":[{"start":{"line":30,"column":28},"end":{"line":30,"column":40}},{"start":{"line":30,"column":40},"end":{"line":30,"column":null}}],"line":30},"4":{"loc":{"start":{"line":31,"column":4},"end":{"line":31,"column":null}},"type":"binary-expr","locations":[{"start":{"line":31,"column":4},"end":{"line":31,"column":33}},{"start":{"line":31,"column":33},"end":{"line":31,"column":null}}],"line":31},"5":{"loc":{"start":{"line":32,"column":4},"end":{"line":32,"column":null}},"type":"cond-expr","locations":[{"start":{"line":32,"column":28},"end":{"line":32,"column":34}},{"start":{"line":32,"column":34},"end":{"line":32,"column":null}}],"line":32},"6":{"loc":{"start":{"line":43,"column":53},"end":{"line":43,"column":73}},"type":"binary-expr","locations":[{"start":{"line":43,"column":53},"end":{"line":43,"column":66}},{"start":{"line":43,"column":66},"end":{"line":43,"column":73}}],"line":43},"7":{"loc":{"start":{"line":46,"column":6},"end":{"line":52,"column":null}},"type":"if","locations":[{"start":{"line":46,"column":6},"end":{"line":52,"column":null}},{"start":{},"end":{}}],"line":46},"8":{"loc":{"start":{"line":49,"column":28},"end":{"line":49,"column":48}},"type":"binary-expr","locations":[{"start":{"line":49,"column":28},"end":{"line":49,"column":41}},{"start":{"line":49,"column":41},"end":{"line":49,"column":48}}],"line":49},"9":{"loc":{"start":{"line":60,"column":26},"end":{"line":60,"column":46}},"type":"binary-expr","locations":[{"start":{"line":60,"column":26},"end":{"line":60,"column":39}},{"start":{"line":60,"column":39},"end":{"line":60,"column":46}}],"line":60},"10":{"loc":{"start":{"line":65,"column":22},"end":{"line":65,"column":null}},"type":"cond-expr","locations":[{"start":{"line":65,"column":41},"end":{"line":65,"column":80}},{"start":{"line":65,"column":80},"end":{"line":65,"column":null}}],"line":65},"11":{"loc":{"start":{"line":84,"column":53},"end":{"line":84,"column":73}},"type":"binary-expr","locations":[{"start":{"line":84,"column":53},"end":{"line":84,"column":66}},{"start":{"line":84,"column":66},"end":{"line":84,"column":73}}],"line":84},"12":{"loc":{"start":{"line":93,"column":26},"end":{"line":93,"column":46}},"type":"binary-expr","locations":[{"start":{"line":93,"column":26},"end":{"line":93,"column":39}},{"start":{"line":93,"column":39},"end":{"line":93,"column":46}}],"line":93}},"s":{"0":1,"1":1,"2":5,"3":1,"4":1,"5":0,"6":1,"7":5,"8":5,"9":1,"10":3,"11":3,"12":3,"13":3,"14":3,"15":2,"16":2,"17":1,"18":1,"19":1,"20":1,"21":3,"22":0,"23":0,"24":0,"25":1,"26":1,"27":1,"28":1,"29":1,"30":0,"31":1,"32":1,"33":1,"34":1,"35":1,"36":0},"f":{"0":5,"1":5,"2":3,"3":1,"4":1},"b":{"0":[1,4],"1":[0,1],"2":[5,0],"3":[0,5],"4":[5,0],"5":[0,5],"6":[3,3],"7":[2,1],"8":[2,2],"9":[1,1],"10":[1,0],"11":[1,1],"12":[1,1]},"meta":{"lastBranch":13,"lastFunction":5,"lastStatement":37,"seen":{"s:12:16:12:Infinity":0,"s:15:56:15:Infinity":1,"f:16:9:16:21":0,"b:17:2:23:Infinity:undefined:undefined:undefined:undefined":0,"s:17:2:23:Infinity":2,"s:18:23:18:Infinity":3,"b:19:4:21:Infinity:undefined:undefined:undefined:undefined":1,"s:19:4:21:Infinity":4,"s:20:6:20:Infinity":5,"s:22:4:22:Infinity":6,"s:24:2:24:Infinity":7,"f:27:9:27:21":1,"s:28:2:33:Infinity":8,"b:29:4:29:41:29:41:29:Infinity":2,"b:30:28:30:40:30:40:30:Infinity":3,"b:31:4:31:33:31:33:31:Infinity":4,"b:32:28:32:34:32:34:32:Infinity":5,"s:36:43:114:Infinity":9,"f:37:8:37:Infinity":2,"s:41:22:41:Infinity":10,"s:42:4:74:Infinity":11,"s:43:19:43:Infinity":12,"b:43:53:43:66:43:66:43:73":6,"s:44:23:44:Infinity":13,"b:46:6:52:Infinity:undefined:undefined:undefined:undefined":7,"s:46:6:52:Infinity":14,"s:47:8:50:Infinity":15,"b:49:28:49:41:49:41:49:48":8,"s:51:8:51:Infinity":16,"s:54:25:54:Infinity":17,"s:55:24:55:Infinity":18,"s:56:24:56:Infinity":19,"s:58:6:61:Infinity":20,"b:60:26:60:39:60:39:60:46":9,"s:63:6:66:Infinity":21,"b:65:41:65:80:65:80:65:Infinity":10,"s:68:6:68:Infinity":22,"s:69:6:72:Infinity":23,"s:73:6:73:Infinity":24,"f:77:8:77:Infinity":3,"s:82:22:82:Infinity":25,"s:83:4:97:Infinity":26,"s:84:19:84:Infinity":27,"b:84:53:84:66:84:66:84:73":11,"s:85:6:90:Infinity":28,"s:91:6:94:Infinity":29,"b:93:26:93:39:93:39:93:46":12,"s:96:6:96:Infinity":30,"f:100:8:100:15":4,"s:101:22:101:Infinity":31,"s:102:4:110:Infinity":32,"s:103:19:103:Infinity":33,"s:104:6:104:Infinity":34,"s:105:6:107:Infinity":35,"s:109:6:109:Infinity":36}}}
,"/Users/banna/alpheya/pocs/Knative-open-nextjs/packages/kn-next/src/adapters/redis-tag-cache.ts": {"path":"/Users/banna/alpheya/pocs/Knative-open-nextjs/packages/kn-next/src/adapters/redis-tag-cache.ts","statementMap":{"0":{"start":{"line":6,"column":40},"end":{"line":6,"column":null}},"1":{"start":{"line":9,"column":14},"end":{"line":13,"column":null}},"2":{"start":{"line":12,"column":28},"end":{"line":12,"column":null}},"3":{"start":{"line":16,"column":46},"end":{"line":16,"column":null}},"4":{"start":{"line":18,"column":2},"end":{"line":20,"column":null}},"5":{"start":{"line":19,"column":4},"end":{"line":19,"column":null}},"6":{"start":{"line":21,"column":2},"end":{"line":23,"column":null}},"7":{"start":{"line":22,"column":4},"end":{"line":22,"column":null}},"8":{"start":{"line":24,"column":2},"end":{"line":33,"column":null}},"9":{"start":{"line":31,"column":6},"end":{"line":31,"column":null}},"10":{"start":{"line":32,"column":6},"end":{"line":32,"column":null}},"11":{"start":{"line":34,"column":2},"end":{"line":34,"column":null}},"12":{"start":{"line":37,"column":15},"end":{"line":37,"column":null}},"13":{"start":{"line":46,"column":2},"end":{"line":46,"column":null}},"14":{"start":{"line":54,"column":35},"end":{"line":185,"column":null}},"15":{"start":{"line":58,"column":22},"end":{"line":58,"column":null}},"16":{"start":{"line":59,"column":4},"end":{"line":80,"column":null}},"17":{"start":{"line":60,"column":6},"end":{"line":60,"column":null}},"18":{"start":{"line":61,"column":20},"end":{"line":61,"column":null}},"19":{"start":{"line":63,"column":21},"end":{"line":63,"column":null}},"20":{"start":{"line":65,"column":6},"end":{"line":69,"column":null}},"21":{"start":{"line":71,"column":6},"end":{"line":71,"column":null}},"22":{"start":{"line":73,"column":6},"end":{"line":73,"column":null}},"23":{"start":{"line":74,"column":6},"end":{"line":78,"column":null}},"24":{"start":{"line":79,"column":6},"end":{"line":79,"column":null}},"25":{"start":{"line":84,"column":4},"end":{"line":92,"column":null}},"26":{"start":{"line":85,"column":6},"end":{"line":85,"column":null}},"27":{"start":{"line":86,"column":19},"end":{"line":86,"column":null}},"28":{"start":{"line":88,"column":6},"end":{"line":88,"column":null}},"29":{"start":{"line":90,"column":6},"end":{"line":90,"column":null}},"30":{"start":{"line":91,"column":6},"end":{"line":91,"column":null}},"31":{"start":{"line":96,"column":4},"end":{"line":141,"column":null}},"32":{"start":{"line":97,"column":6},"end":{"line":97,"column":null}},"33":{"start":{"line":100,"column":19},"end":{"line":100,"column":null}},"34":{"start":{"line":102,"column":6},"end":{"line":104,"column":null}},"35":{"start":{"line":103,"column":8},"end":{"line":103,"column":null}},"36":{"start":{"line":107,"column":23},"end":{"line":107,"column":null}},"37":{"start":{"line":108,"column":6},"end":{"line":110,"column":null}},"38":{"start":{"line":109,"column":8},"end":{"line":109,"column":null}},"39":{"start":{"line":111,"column":22},"end":{"line":111,"column":null}},"40":{"start":{"line":113,"column":35},"end":{"line":113,"column":null}},"41":{"start":{"line":114,"column":6},"end":{"line":122,"column":null}},"42":{"start":{"line":114,"column":19},"end":{"line":114,"column":22}},"43":{"start":{"line":115,"column":30},"end":{"line":115,"column":null}},"44":{"start":{"line":116,"column":8},"end":{"line":121,"column":null}},"45":{"start":{"line":117,"column":32},"end":{"line":117,"column":null}},"46":{"start":{"line":118,"column":10},"end":{"line":120,"column":null}},"47":{"start":{"line":119,"column":12},"end":{"line":119,"column":null}},"48":{"start":{"line":124,"column":6},"end":{"line":135,"column":null}},"49":{"start":{"line":127,"column":30},"end":{"line":127,"column":null}},"50":{"start":{"line":128,"column":8},"end":{"line":130,"column":null}},"51":{"start":{"line":129,"column":10},"end":{"line":129,"column":null}},"52":{"start":{"line":131,"column":8},"end":{"line":131,"column":null}},"53":{"start":{"line":134,"column":8},"end":{"line":134,"column":null}},"54":{"start":{"line":137,"column":6},"end":{"line":137,"column":null}},"55":{"start":{"line":139,"column":6},"end":{"line":139,"column":null}},"56":{"start":{"line":140,"column":6},"end":{"line":140,"column":null}},"57":{"start":{"line":145,"column":22},"end":{"line":145,"column":null}},"58":{"start":{"line":146,"column":4},"end":{"line":181,"column":null}},"59":{"start":{"line":147,"column":6},"end":{"line":147,"column":null}},"60":{"start":{"line":149,"column":23},"end":{"line":149,"column":null}},"61":{"start":{"line":151,"column":6},"end":{"line":171,"column":null}},"62":{"start":{"line":152,"column":26},"end":{"line":152,"column":null}},"63":{"start":{"line":153,"column":27},"end":{"line":153,"column":null}},"64":{"start":{"line":156,"column":8},"end":{"line":156,"column":null}},"65":{"start":{"line":159,"column":8},"end":{"line":159,"column":null}},"66":{"start":{"line":162,"column":8},"end":{"line":170,"column":null}},"67":{"start":{"line":163,"column":10},"end":{"line":163,"column":null}},"68":{"start":{"line":166,"column":10},"end":{"line":169,"column":null}},"69":{"start":{"line":173,"column":6},"end":{"line":173,"column":null}},"70":{"start":{"line":175,"column":6},"end":{"line":178,"column":null}},"71":{"start":{"line":177,"column":42},"end":{"line":177,"column":47}},"72":{"start":{"line":180,"column":6},"end":{"line":180,"column":null}}},"fnMap":{"0":{"name":"(anonymous_0)","decl":{"start":{"line":12,"column":17},"end":{"line":12,"column":18}},"loc":{"start":{"line":12,"column":28},"end":{"line":12,"column":null}},"line":12},"1":{"name":"ensureConnected","decl":{"start":{"line":17,"column":15},"end":{"line":17,"column":48}},"loc":{"start":{"line":17,"column":48},"end":{"line":35,"column":null}},"line":17},"2":{"name":"(anonymous_2)","decl":{"start":{"line":26,"column":10},"end":{"line":26,"column":16}},"loc":{"start":{"line":26,"column":16},"end":{"line":28,"column":5}},"line":26},"3":{"name":"(anonymous_3)","decl":{"start":{"line":29,"column":11},"end":{"line":29,"column":12}},"loc":{"start":{"line":29,"column":20},"end":{"line":33,"column":5}},"line":29},"4":{"name":"buildKey","decl":{"start":{"line":45,"column":9},"end":{"line":45,"column":18}},"loc":{"start":{"line":45,"column":39},"end":{"line":47,"column":null}},"line":45},"5":{"name":"(anonymous_5)","decl":{"start":{"line":57,"column":8},"end":{"line":57,"column":17}},"loc":{"start":{"line":57,"column":49},"end":{"line":81,"column":null}},"line":57},"6":{"name":"(anonymous_6)","decl":{"start":{"line":83,"column":8},"end":{"line":83,"column":18}},"loc":{"start":{"line":83,"column":54},"end":{"line":93,"column":null}},"line":83},"7":{"name":"(anonymous_7)","decl":{"start":{"line":95,"column":8},"end":{"line":95,"column":24}},"loc":{"start":{"line":95,"column":81},"end":{"line":142,"column":null}},"line":95},"8":{"name":"(anonymous_8)","decl":{"start":{"line":144,"column":8},"end":{"line":144,"column":18}},"loc":{"start":{"line":144,"column":69},"end":{"line":182,"column":null}},"line":144},"9":{"name":"(anonymous_9)","decl":{"start":{"line":177,"column":35},"end":{"line":177,"column":36}},"loc":{"start":{"line":177,"column":42},"end":{"line":177,"column":47}},"line":177}},"branchMap":{"0":{"loc":{"start":{"line":9,"column":24},"end":{"line":9,"column":63}},"type":"binary-expr","locations":[{"start":{"line":9,"column":24},"end":{"line":9,"column":37}},{"start":{"line":9,"column":37},"end":{"line":9,"column":63}}],"line":9},"1":{"loc":{"start":{"line":18,"column":2},"end":{"line":20,"column":null}},"type":"if","locations":[{"start":{"line":18,"column":2},"end":{"line":20,"column":null}},{"start":{},"end":{}}],"line":18},"2":{"loc":{"start":{"line":21,"column":2},"end":{"line":23,"column":null}},"type":"if","locations":[{"start":{"line":21,"column":2},"end":{"line":23,"column":null}},{"start":{},"end":{}}],"line":21},"3":{"loc":{"start":{"line":37,"column":15},"end":{"line":37,"column":null}},"type":"binary-expr","locations":[{"start":{"line":37,"column":15},"end":{"line":37,"column":35}},{"start":{"line":37,"column":35},"end":{"line":37,"column":null}}],"line":37},"4":{"loc":{"start":{"line":65,"column":20},"end":{"line":65,"column":56}},"type":"cond-expr","locations":[{"start":{"line":65,"column":40},"end":{"line":65,"column":48}},{"start":{"line":65,"column":48},"end":{"line":65,"column":56}}],"line":65},"5":{"loc":{"start":{"line":102,"column":6},"end":{"line":104,"column":null}},"type":"if","locations":[{"start":{"line":102,"column":6},"end":{"line":104,"column":null}},{"start":{},"end":{}}],"line":102},"6":{"loc":{"start":{"line":103,"column":15},"end":{"line":103,"column":null}},"type":"binary-expr","locations":[{"start":{"line":103,"column":15},"end":{"line":103,"column":31}},{"start":{"line":103,"column":31},"end":{"line":103,"column":null}}],"line":103},"7":{"loc":{"start":{"line":114,"column":27},"end":{"line":114,"column":50}},"type":"binary-expr","locations":[{"start":{"line":114,"column":27},"end":{"line":114,"column":46}},{"start":{"line":114,"column":46},"end":{"line":114,"column":50}}],"line":114},"8":{"loc":{"start":{"line":115,"column":30},"end":{"line":115,"column":null}},"type":"binary-expr","locations":[{"start":{"line":115,"column":30},"end":{"line":115,"column":46}},{"start":{"line":115,"column":46},"end":{"line":115,"column":null}}],"line":115},"9":{"loc":{"start":{"line":116,"column":8},"end":{"line":121,"column":null}},"type":"if","locations":[{"start":{"line":116,"column":8},"end":{"line":121,"column":null}},{"start":{},"end":{}}],"line":116},"10":{"loc":{"start":{"line":116,"column":12},"end":{"line":116,"column":28}},"type":"binary-expr","locations":[{"start":{"line":116,"column":12},"end":{"line":116,"column":20}},{"start":{"line":116,"column":20},"end":{"line":116,"column":28}}],"line":116},"11":{"loc":{"start":{"line":118,"column":10},"end":{"line":120,"column":null}},"type":"if","locations":[{"start":{"line":118,"column":10},"end":{"line":120,"column":null}},{"start":{},"end":{}}],"line":118},"12":{"loc":{"start":{"line":118,"column":31},"end":{"line":118,"column":51}},"type":"binary-expr","locations":[{"start":{"line":118,"column":31},"end":{"line":118,"column":47}},{"start":{"line":118,"column":47},"end":{"line":118,"column":51}}],"line":118},"13":{"loc":{"start":{"line":124,"column":6},"end":{"line":135,"column":null}},"type":"if","locations":[{"start":{"line":124,"column":6},"end":{"line":135,"column":null}},{"start":{},"end":{}}],"line":124},"14":{"loc":{"start":{"line":137,"column":13},"end":{"line":137,"column":null}},"type":"binary-expr","locations":[{"start":{"line":137,"column":13},"end":{"line":137,"column":29}},{"start":{"line":137,"column":29},"end":{"line":137,"column":null}}],"line":137},"15":{"loc":{"start":{"line":140,"column":13},"end":{"line":140,"column":null}},"type":"binary-expr","locations":[{"start":{"line":140,"column":13},"end":{"line":140,"column":29}},{"start":{"line":140,"column":29},"end":{"line":140,"column":null}}],"line":140},"16":{"loc":{"start":{"line":162,"column":8},"end":{"line":170,"column":null}},"type":"if","locations":[{"start":{"line":162,"column":8},"end":{"line":170,"column":null}},{"start":{},"end":{}}],"line":162}},"s":{"0":1,"1":1,"2":0,"3":1,"4":5,"5":4,"6":1,"7":0,"8":1,"9":0,"10":0,"11":1,"12":1,"13":10,"14":1,"15":1,"16":1,"17":1,"18":1,"19":1,"20":1,"21":1,"22":0,"23":0,"24":0,"25":1,"26":1,"27":1,"28":1,"29":0,"30":0,"31":2,"32":2,"33":2,"34":2,"35":1,"36":1,"37":1,"38":2,"39":1,"40":1,"41":1,"42":1,"43":2,"44":2,"45":0,"46":0,"47":0,"48":1,"49":0,"50":0,"51":0,"52":0,"53":0,"54":1,"55":0,"56":0,"57":1,"58":1,"59":1,"60":1,"61":1,"62":1,"63":1,"64":1,"65":1,"66":1,"67":0,"68":0,"69":1,"70":1,"71":1,"72":0},"f":{"0":0,"1":5,"2":1,"3":0,"4":10,"5":1,"6":1,"7":2,"8":1,"9":1},"b":{"0":[1,0],"1":[4,1],"2":[0,1],"3":[1,0],"4":[1,0],"5":[1,1],"6":[1,1],"7":[1,0],"8":[2,0],"9":[0,2],"10":[2,2],"11":[0,0],"12":[0,0],"13":[0,1],"14":[1,0],"15":[0,0],"16":[0,1]},"meta":{"lastBranch":17,"lastFunction":10,"lastStatement":73,"seen":{"s:6:40:6:Infinity":0,"s:9:14:13:Infinity":1,"b:9:24:9:37:9:37:9:63":0,"f:12:17:12:18":0,"s:12:28:12:Infinity":2,"s:16:46:16:Infinity":3,"f:17:15:17:48":1,"b:18:2:20:Infinity:undefined:undefined:undefined:undefined":1,"s:18:2:20:Infinity":4,"s:19:4:19:Infinity":5,"b:21:2:23:Infinity:undefined:undefined:undefined:undefined":2,"s:21:2:23:Infinity":6,"s:22:4:22:Infinity":7,"s:24:2:33:Infinity":8,"f:26:10:26:16":2,"f:29:11:29:12":3,"s:31:6:31:Infinity":9,"s:32:6:32:Infinity":10,"s:34:2:34:Infinity":11,"s:37:15:37:Infinity":12,"b:37:15:37:35:37:35:37:Infinity":3,"f:45:9:45:18":4,"s:46:2:46:Infinity":13,"s:54:35:185:Infinity":14,"f:57:8:57:17":5,"s:58:22:58:Infinity":15,"s:59:4:80:Infinity":16,"s:60:6:60:Infinity":17,"s:61:20:61:Infinity":18,"s:63:21:63:Infinity":19,"s:65:6:69:Infinity":20,"b:65:40:65:48:65:48:65:56":4,"s:71:6:71:Infinity":21,"s:73:6:73:Infinity":22,"s:74:6:78:Infinity":23,"s:79:6:79:Infinity":24,"f:83:8:83:18":6,"s:84:4:92:Infinity":25,"s:85:6:85:Infinity":26,"s:86:19:86:Infinity":27,"s:88:6:88:Infinity":28,"s:90:6:90:Infinity":29,"s:91:6:91:Infinity":30,"f:95:8:95:24":7,"s:96:4:141:Infinity":31,"s:97:6:97:Infinity":32,"s:100:19:100:Infinity":33,"b:102:6:104:Infinity:undefined:undefined:undefined:undefined":5,"s:102:6:104:Infinity":34,"s:103:8:103:Infinity":35,"b:103:15:103:31:103:31:103:Infinity":6,"s:107:23:107:Infinity":36,"s:108:6:110:Infinity":37,"s:109:8:109:Infinity":38,"s:111:22:111:Infinity":39,"s:113:35:113:Infinity":40,"s:114:6:122:Infinity":41,"s:114:19:114:22":42,"b:114:27:114:46:114:46:114:50":7,"s:115:30:115:Infinity":43,"b:115:30:115:46:115:46:115:Infinity":8,"b:116:8:121:Infinity:undefined:undefined:undefined:undefined":9,"s:116:8:121:Infinity":44,"b:116:12:116:20:116:20:116:28":10,"s:117:32:117:Infinity":45,"b:118:10:120:Infinity:undefined:undefined:undefined:undefined":11,"s:118:10:120:Infinity":46,"b:118:31:118:47:118:47:118:51":12,"s:119:12:119:Infinity":47,"b:124:6:135:Infinity:undefined:undefined:undefined:undefined":13,"s:124:6:135:Infinity":48,"s:127:30:127:Infinity":49,"s:128:8:130:Infinity":50,"s:129:10:129:Infinity":51,"s:131:8:131:Infinity":52,"s:134:8:134:Infinity":53,"s:137:6:137:Infinity":54,"b:137:13:137:29:137:29:137:Infinity":14,"s:139:6:139:Infinity":55,"s:140:6:140:Infinity":56,"b:140:13:140:29:140:29:140:Infinity":15,"f:144:8:144:18":8,"s:145:22:145:Infinity":57,"s:146:4:181:Infinity":58,"s:147:6:147:Infinity":59,"s:149:23:149:Infinity":60,"s:151:6:171:Infinity":61,"s:152:26:152:Infinity":62,"s:153:27:153:Infinity":63,"s:156:8:156:Infinity":64,"s:159:8:159:Infinity":65,"b:162:8:170:Infinity:undefined:undefined:undefined:undefined":16,"s:162:8:170:Infinity":66,"s:163:10:163:Infinity":67,"s:166:10:169:Infinity":68,"s:173:6:173:Infinity":69,"s:175:6:178:Infinity":70,"f:177:35:177:36":9,"s:177:42:177:47":71,"s:180:6:180:Infinity":72}}}
,"/Users/banna/alpheya/pocs/Knative-open-nextjs/packages/kn-next/src/generators/infrastructure.ts": {"path":"/Users/banna/alpheya/pocs/Knative-open-nextjs/packages/kn-next/src/generators/infrastructure.ts","statementMap":{"0":{"start":{"line":1,"column":30},"end":{"line":1,"column":null}},"1":{"start":{"line":2,"column":21},"end":{"line":2,"column":null}},"2":{"start":{"line":24,"column":30},"end":{"line":24,"column":null}},"3":{"start":{"line":25,"column":42},"end":{"line":25,"column":null}},"4":{"start":{"line":26,"column":20},"end":{"line":26,"column":null}},"5":{"start":{"line":28,"column":16},"end":{"line":28,"column":null}},"6":{"start":{"line":31,"column":2},"end":{"line":40,"column":null}},"7":{"start":{"line":32,"column":23},"end":{"line":32,"column":null}},"8":{"start":{"line":33,"column":19},"end":{"line":33,"column":null}},"9":{"start":{"line":34,"column":4},"end":{"line":34,"column":null}},"10":{"start":{"line":35,"column":4},"end":{"line":35,"column":null}},"11":{"start":{"line":37,"column":19},"end":{"line":37,"column":null}},"12":{"start":{"line":38,"column":4},"end":{"line":38,"column":null}},"13":{"start":{"line":39,"column":4},"end":{"line":39,"column":null}},"14":{"start":{"line":43,"column":2},"end":{"line":52,"column":null}},"15":{"start":{"line":44,"column":26},"end":{"line":44,"column":null}},"16":{"start":{"line":45,"column":22},"end":{"line":45,"column":null}},"17":{"start":{"line":46,"column":4},"end":{"line":46,"column":null}},"18":{"start":{"line":47,"column":4},"end":{"line":47,"column":null}},"19":{"start":{"line":49,"column":22},"end":{"line":49,"column":null}},"20":{"start":{"line":50,"column":4},"end":{"line":50,"column":null}},"21":{"start":{"line":51,"column":4},"end":{"line":51,"column":null}},"22":{"start":{"line":55,"column":2},"end":{"line":66,"column":null}},"23":{"start":{"line":56,"column":26},"end":{"line":56,"column":null}},"24":{"start":{"line":57,"column":22},"end":{"line":57,"column":null}},"25":{"start":{"line":58,"column":4},"end":{"line":58,"column":null}},"26":{"start":{"line":59,"column":4},"end":{"line":59,"column":null}},"27":{"start":{"line":61,"column":22},"end":{"line":61,"column":null}},"28":{"start":{"line":62,"column":4},"end":{"line":62,"column":null}},"29":{"start":{"line":63,"column":4},"end":{"line":63,"column":null}},"30":{"start":{"line":64,"column":4},"end":{"line":64,"column":null}},"31":{"start":{"line":65,"column":4},"end":{"line":65,"column":null}},"32":{"start":{"line":69,"column":2},"end":{"line":75,"column":null}},"33":{"start":{"line":70,"column":24},"end":{"line":70,"column":null}},"34":{"start":{"line":71,"column":20},"end":{"line":71,"column":null}},"35":{"start":{"line":72,"column":4},"end":{"line":72,"column":null}},"36":{"start":{"line":73,"column":4},"end":{"line":73,"column":null}},"37":{"start":{"line":74,"column":4},"end":{"line":74,"column":null}},"38":{"start":{"line":77,"column":2},"end":{"line":77,"column":null}},"39":{"start":{"line":81,"column":18},"end":{"line":81,"column":null}},"40":{"start":{"line":82,"column":18},"end":{"line":82,"column":null}},"41":{"start":{"line":84,"column":2},"end":{"line":139,"column":null}},"42":{"start":{"line":144,"column":18},"end":{"line":144,"column":null}},"43":{"start":{"line":146,"column":2},"end":{"line":177,"column":null}},"44":{"start":{"line":188,"column":18},"end":{"line":188,"column":null}},"45":{"start":{"line":189,"column":20},"end":{"line":189,"column":null}},"46":{"start":{"line":190,"column":20},"end":{"line":190,"column":null}},"47":{"start":{"line":192,"column":2},"end":{"line":252,"column":null}},"48":{"start":{"line":265,"column":25},"end":{"line":265,"column":null}},"49":{"start":{"line":266,"column":25},"end":{"line":266,"column":null}},"50":{"start":{"line":268,"column":17},"end":{"line":286,"column":null}},"51":{"start":{"line":290,"column":2},"end":{"line":311,"column":null}},"52":{"start":{"line":292,"column":26},"end":{"line":292,"column":null}},"53":{"start":{"line":294,"column":4},"end":{"line":309,"column":null}},"54":{"start":{"line":308,"column":17},"end":{"line":308,"column":30}},"55":{"start":{"line":313,"column":2},"end":{"line":313,"column":null}},"56":{"start":{"line":321,"column":20},"end":{"line":460,"column":null}},"57":{"start":{"line":462,"column":2},"end":{"line":462,"column":null}}},"fnMap":{"0":{"name":"generateInfrastructure","decl":{"start":{"line":20,"column":16},"end":{"line":20,"column":null}},"loc":{"start":{"line":23,"column":24},"end":{"line":78,"column":null}},"line":23},"1":{"name":"generatePostgresManifest","decl":{"start":{"line":80,"column":9},"end":{"line":80,"column":34}},"loc":{"start":{"line":80,"column":83},"end":{"line":141,"column":null}},"line":80},"2":{"name":"generateRedisManifest","decl":{"start":{"line":143,"column":9},"end":{"line":143,"column":31}},"loc":{"start":{"line":143,"column":82},"end":{"line":185,"column":null}},"line":143},"3":{"name":"generateMinioManifest","decl":{"start":{"line":187,"column":9},"end":{"line":187,"column":31}},"loc":{"start":{"line":187,"column":82},"end":{"line":254,"column":null}},"line":187},"4":{"name":"generateObservabilityManifest","decl":{"start":{"line":261,"column":16},"end":{"line":261,"column":null}},"loc":{"start":{"line":264,"column":10},"end":{"line":314,"column":null}},"line":264},"5":{"name":"(anonymous_5)","decl":{"start":{"line":308,"column":7},"end":{"line":308,"column":8}},"loc":{"start":{"line":308,"column":17},"end":{"line":308,"column":30}},"line":308},"6":{"name":"generateDashboardJson","decl":{"start":{"line":320,"column":9},"end":{"line":320,"column":31}},"loc":{"start":{"line":320,"column":56},"end":{"line":463,"column":null}},"line":320}},"branchMap":{"0":{"loc":{"start":{"line":31,"column":2},"end":{"line":40,"column":null}},"type":"if","locations":[{"start":{"line":31,"column":2},"end":{"line":40,"column":null}},{"start":{},"end":{}}],"line":31},"1":{"loc":{"start":{"line":43,"column":2},"end":{"line":52,"column":null}},"type":"if","locations":[{"start":{"line":43,"column":2},"end":{"line":52,"column":null}},{"start":{},"end":{}}],"line":43},"2":{"loc":{"start":{"line":55,"column":2},"end":{"line":66,"column":null}},"type":"if","locations":[{"start":{"line":55,"column":2},"end":{"line":66,"column":null}},{"start":{},"end":{}}],"line":55},"3":{"loc":{"start":{"line":63,"column":31},"end":{"line":63,"column":null}},"type":"binary-expr","locations":[{"start":{"line":63,"column":31},"end":{"line":63,"column":56}},{"start":{"line":63,"column":56},"end":{"line":63,"column":null}}],"line":63},"4":{"loc":{"start":{"line":64,"column":31},"end":{"line":64,"column":null}},"type":"binary-expr","locations":[{"start":{"line":64,"column":31},"end":{"line":64,"column":56}},{"start":{"line":64,"column":56},"end":{"line":64,"column":null}}],"line":64},"5":{"loc":{"start":{"line":69,"column":2},"end":{"line":75,"column":null}},"type":"if","locations":[{"start":{"line":69,"column":2},"end":{"line":75,"column":null}},{"start":{},"end":{}}],"line":69},"6":{"loc":{"start":{"line":81,"column":18},"end":{"line":81,"column":null}},"type":"binary-expr","locations":[{"start":{"line":81,"column":18},"end":{"line":81,"column":36}},{"start":{"line":81,"column":36},"end":{"line":81,"column":null}}],"line":81},"7":{"loc":{"start":{"line":82,"column":18},"end":{"line":82,"column":null}},"type":"binary-expr","locations":[{"start":{"line":82,"column":18},"end":{"line":82,"column":36}},{"start":{"line":82,"column":36},"end":{"line":82,"column":null}}],"line":82},"8":{"loc":{"start":{"line":144,"column":18},"end":{"line":144,"column":null}},"type":"binary-expr","locations":[{"start":{"line":144,"column":18},"end":{"line":144,"column":36}},{"start":{"line":144,"column":36},"end":{"line":144,"column":null}}],"line":144},"9":{"loc":{"start":{"line":188,"column":18},"end":{"line":188,"column":null}},"type":"binary-expr","locations":[{"start":{"line":188,"column":18},"end":{"line":188,"column":36}},{"start":{"line":188,"column":36},"end":{"line":188,"column":null}}],"line":188},"10":{"loc":{"start":{"line":189,"column":20},"end":{"line":189,"column":null}},"type":"binary-expr","locations":[{"start":{"line":189,"column":20},"end":{"line":189,"column":40}},{"start":{"line":189,"column":40},"end":{"line":189,"column":null}}],"line":189},"11":{"loc":{"start":{"line":190,"column":20},"end":{"line":190,"column":null}},"type":"binary-expr","locations":[{"start":{"line":190,"column":20},"end":{"line":190,"column":40}},{"start":{"line":190,"column":40},"end":{"line":190,"column":null}}],"line":190},"12":{"loc":{"start":{"line":265,"column":25},"end":{"line":265,"column":null}},"type":"binary-expr","locations":[{"start":{"line":265,"column":25},"end":{"line":265,"column":62}},{"start":{"line":265,"column":62},"end":{"line":265,"column":null}}],"line":265},"13":{"loc":{"start":{"line":290,"column":2},"end":{"line":311,"column":null}},"type":"if","locations":[{"start":{"line":290,"column":2},"end":{"line":311,"column":null}},{"start":{},"end":{}}],"line":290}},"s":{"0":1,"1":1,"2":0,"3":0,"4":0,"5":0,"6":0,"7":0,"8":0,"9":0,"10":0,"11":0,"12":0,"13":0,"14":0,"15":0,"16":0,"17":0,"18":0,"19":0,"20":0,"21":0,"22":0,"23":0,"24":0,"25":0,"26":0,"27":0,"28":0,"29":0,"30":0,"31":0,"32":0,"33":0,"34":0,"35":0,"36":0,"37":0,"38":0,"39":0,"40":0,"41":0,"42":0,"43":0,"44":0,"45":0,"46":0,"47":0,"48":2,"49":2,"50":2,"51":2,"52":1,"53":1,"54":220,"55":2,"56":1,"57":1},"f":{"0":0,"1":0,"2":0,"3":0,"4":2,"5":220,"6":1},"b":{"0":[0,0],"1":[0,0],"2":[0,0],"3":[0,0],"4":[0,0],"5":[0,0],"6":[0,0],"7":[0,0],"8":[0,0],"9":[0,0],"10":[0,0],"11":[0,0],"12":[2,1],"13":[1,1]},"meta":{"lastBranch":14,"lastFunction":7,"lastStatement":58,"seen":{"s:1:30:1:Infinity":0,"s:2:21:2:Infinity":1,"f:20:16:20:Infinity":0,"s:24:30:24:Infinity":2,"s:25:42:25:Infinity":3,"s:26:20:26:Infinity":4,"s:28:16:28:Infinity":5,"b:31:2:40:Infinity:undefined:undefined:undefined:undefined":0,"s:31:2:40:Infinity":6,"s:32:23:32:Infinity":7,"s:33:19:33:Infinity":8,"s:34:4:34:Infinity":9,"s:35:4:35:Infinity":10,"s:37:19:37:Infinity":11,"s:38:4:38:Infinity":12,"s:39:4:39:Infinity":13,"b:43:2:52:Infinity:undefined:undefined:undefined:undefined":1,"s:43:2:52:Infinity":14,"s:44:26:44:Infinity":15,"s:45:22:45:Infinity":16,"s:46:4:46:Infinity":17,"s:47:4:47:Infinity":18,"s:49:22:49:Infinity":19,"s:50:4:50:Infinity":20,"s:51:4:51:Infinity":21,"b:55:2:66:Infinity:undefined:undefined:undefined:undefined":2,"s:55:2:66:Infinity":22,"s:56:26:56:Infinity":23,"s:57:22:57:Infinity":24,"s:58:4:58:Infinity":25,"s:59:4:59:Infinity":26,"s:61:22:61:Infinity":27,"s:62:4:62:Infinity":28,"s:63:4:63:Infinity":29,"b:63:31:63:56:63:56:63:Infinity":3,"s:64:4:64:Infinity":30,"b:64:31:64:56:64:56:64:Infinity":4,"s:65:4:65:Infinity":31,"b:69:2:75:Infinity:undefined:undefined:undefined:undefined":5,"s:69:2:75:Infinity":32,"s:70:24:70:Infinity":33,"s:71:20:71:Infinity":34,"s:72:4:72:Infinity":35,"s:73:4:73:Infinity":36,"s:74:4:74:Infinity":37,"s:77:2:77:Infinity":38,"f:80:9:80:34":1,"s:81:18:81:Infinity":39,"b:81:18:81:36:81:36:81:Infinity":6,"s:82:18:82:Infinity":40,"b:82:18:82:36:82:36:82:Infinity":7,"s:84:2:139:Infinity":41,"f:143:9:143:31":2,"s:144:18:144:Infinity":42,"b:144:18:144:36:144:36:144:Infinity":8,"s:146:2:177:Infinity":43,"f:187:9:187:31":3,"s:188:18:188:Infinity":44,"b:188:18:188:36:188:36:188:Infinity":9,"s:189:20:189:Infinity":45,"b:189:20:189:40:189:40:189:Infinity":10,"s:190:20:190:Infinity":46,"b:190:20:190:40:190:40:190:Infinity":11,"s:192:2:252:Infinity":47,"f:261:16:261:Infinity":4,"s:265:25:265:Infinity":48,"b:265:25:265:62:265:62:265:Infinity":12,"s:266:25:266:Infinity":49,"s:268:17:286:Infinity":50,"b:290:2:311:Infinity:undefined:undefined:undefined:undefined":13,"s:290:2:311:Infinity":51,"s:292:26:292:Infinity":52,"s:294:4:309:Infinity":53,"f:308:7:308:8":5,"s:308:17:308:30":54,"s:313:2:313:Infinity":55,"f:320:9:320:31":6,"s:321:20:460:Infinity":56,"s:462:2:462:Infinity":57}}}
,"/Users/banna/alpheya/pocs/Knative-open-nextjs/packages/kn-next/src/generators/knative-manifest.ts": {"path":"/Users/banna/alpheya/pocs/Knative-open-nextjs/packages/kn-next/src/generators/knative-manifest.ts","statementMap":{"0":{"start":{"line":1,"column":30},"end":{"line":1,"column":null}},"1":{"start":{"line":28,"column":6},"end":{"line":28,"column":null}},"2":{"start":{"line":30,"column":18},"end":{"line":30,"column":null}},"3":{"start":{"line":33,"column":2},"end":{"line":36,"column":null}},"4":{"start":{"line":34,"column":4},"end":{"line":34,"column":null}},"5":{"start":{"line":35,"column":4},"end":{"line":35,"column":null}},"6":{"start":{"line":39,"column":31},"end":{"line":39,"column":null}},"7":{"start":{"line":40,"column":2},"end":{"line":42,"column":null}},"8":{"start":{"line":41,"column":4},"end":{"line":41,"column":null}},"9":{"start":{"line":45,"column":31},"end":{"line":45,"column":null}},"10":{"start":{"line":46,"column":2},"end":{"line":48,"column":null}},"11":{"start":{"line":47,"column":4},"end":{"line":47,"column":null}},"12":{"start":{"line":51,"column":32},"end":{"line":53,"column":null}},"13":{"start":{"line":56,"column":22},"end":{"line":58,"column":null}},"14":{"start":{"line":57,"column":27},"end":{"line":57,"column":88}},"15":{"start":{"line":61,"column":26},"end":{"line":66,"column":null}},"16":{"start":{"line":68,"column":21},"end":{"line":74,"column":null}},"17":{"start":{"line":76,"column":19},"end":{"line":124,"column":null}},"18":{"start":{"line":128,"column":30},"end":{"line":146,"column":null}},"19":{"start":{"line":148,"column":23},"end":{"line":148,"column":null}},"20":{"start":{"line":150,"column":21},"end":{"line":150,"column":null}},"21":{"start":{"line":151,"column":2},"end":{"line":151,"column":null}},"22":{"start":{"line":153,"column":2},"end":{"line":153,"column":null}},"23":{"start":{"line":154,"column":2},"end":{"line":158,"column":null}},"24":{"start":{"line":155,"column":4},"end":{"line":157,"column":null}},"25":{"start":{"line":159,"column":2},"end":{"line":159,"column":null}},"26":{"start":{"line":170,"column":45},"end":{"line":170,"column":null}},"27":{"start":{"line":171,"column":16},"end":{"line":171,"column":null}},"28":{"start":{"line":173,"column":19},"end":{"line":202,"column":null}},"29":{"start":{"line":205,"column":21},"end":{"line":205,"column":null}},"30":{"start":{"line":206,"column":2},"end":{"line":206,"column":null}},"31":{"start":{"line":208,"column":2},"end":{"line":208,"column":null}},"32":{"start":{"line":209,"column":2},"end":{"line":209,"column":null}},"33":{"start":{"line":235,"column":24},"end":{"line":235,"column":null}},"34":{"start":{"line":237,"column":17},"end":{"line":237,"column":null}},"35":{"start":{"line":282,"column":21},"end":{"line":282,"column":null}},"36":{"start":{"line":283,"column":2},"end":{"line":283,"column":null}},"37":{"start":{"line":285,"column":2},"end":{"line":285,"column":null}},"38":{"start":{"line":286,"column":2},"end":{"line":286,"column":null}}},"fnMap":{"0":{"name":"generateKnativeManifest","decl":{"start":{"line":20,"column":16},"end":{"line":20,"column":40}},"loc":{"start":{"line":20,"column":89},"end":{"line":160,"column":null}},"line":20},"1":{"name":"(anonymous_1)","decl":{"start":{"line":57,"column":9},"end":{"line":57,"column":10}},"loc":{"start":{"line":57,"column":27},"end":{"line":57,"column":88}},"line":57},"2":{"name":"generateKafkaEventingManifest","decl":{"start":{"line":165,"column":16},"end":{"line":165,"column":46}},"loc":{"start":{"line":169,"column":11},"end":{"line":210,"column":null}},"line":169},"3":{"name":"generateEntrypoint","decl":{"start":{"line":231,"column":16},"end":{"line":231,"column":35}},"loc":{"start":{"line":234,"column":11},"end":{"line":287,"column":null}},"line":234}},"branchMap":{"0":{"loc":{"start":{"line":24,"column":4},"end":{"line":24,"column":null}},"type":"default-arg","locations":[{"start":{"line":24,"column":15},"end":{"line":24,"column":null}}],"line":24},"1":{"loc":{"start":{"line":25,"column":4},"end":{"line":25,"column":null}},"type":"default-arg","locations":[{"start":{"line":25,"column":16},"end":{"line":25,"column":null}}],"line":25},"2":{"loc":{"start":{"line":26,"column":4},"end":{"line":26,"column":null}},"type":"default-arg","locations":[{"start":{"line":26,"column":23},"end":{"line":26,"column":null}}],"line":26},"3":{"loc":{"start":{"line":27,"column":4},"end":{"line":27,"column":null}},"type":"default-arg","locations":[{"start":{"line":27,"column":24},"end":{"line":27,"column":null}}],"line":27},"4":{"loc":{"start":{"line":33,"column":2},"end":{"line":36,"column":null}},"type":"if","locations":[{"start":{"line":33,"column":2},"end":{"line":36,"column":null}},{"start":{},"end":{}}],"line":33},"5":{"loc":{"start":{"line":40,"column":2},"end":{"line":42,"column":null}},"type":"if","locations":[{"start":{"line":40,"column":2},"end":{"line":42,"column":null}},{"start":{},"end":{}}],"line":40},"6":{"loc":{"start":{"line":46,"column":2},"end":{"line":48,"column":null}},"type":"if","locations":[{"start":{"line":46,"column":2},"end":{"line":48,"column":null}},{"start":{},"end":{}}],"line":46},"7":{"loc":{"start":{"line":51,"column":32},"end":{"line":53,"column":null}},"type":"cond-expr","locations":[{"start":{"line":52,"column":6},"end":{"line":52,"column":null}},{"start":{"line":53,"column":6},"end":{"line":53,"column":null}}],"line":51},"8":{"loc":{"start":{"line":61,"column":26},"end":{"line":66,"column":null}},"type":"cond-expr","locations":[{"start":{"line":62,"column":6},"end":{"line":62,"column":null}},{"start":{"line":66,"column":6},"end":{"line":66,"column":null}}],"line":61},"9":{"loc":{"start":{"line":68,"column":21},"end":{"line":74,"column":null}},"type":"cond-expr","locations":[{"start":{"line":69,"column":6},"end":{"line":73,"column":null}},{"start":{"line":74,"column":6},"end":{"line":74,"column":null}}],"line":68},"10":{"loc":{"start":{"line":91,"column":46},"end":{"line":91,"column":75}},"type":"binary-expr","locations":[{"start":{"line":91,"column":46},"end":{"line":91,"column":74}},{"start":{"line":91,"column":74},"end":{"line":91,"column":75}}],"line":91},"11":{"loc":{"start":{"line":92,"column":46},"end":{"line":92,"column":76}},"type":"binary-expr","locations":[{"start":{"line":92,"column":46},"end":{"line":92,"column":74}},{"start":{"line":92,"column":74},"end":{"line":92,"column":76}}],"line":92},"12":{"loc":{"start":{"line":128,"column":30},"end":{"line":146,"column":null}},"type":"cond-expr","locations":[{"start":{"line":129,"column":6},"end":{"line":144,"column":null}},{"start":{"line":146,"column":6},"end":{"line":146,"column":null}}],"line":128},"13":{"loc":{"start":{"line":144,"column":17},"end":{"line":144,"column":61}},"type":"binary-expr","locations":[{"start":{"line":144,"column":17},"end":{"line":144,"column":54}},{"start":{"line":144,"column":54},"end":{"line":144,"column":61}}],"line":144},"14":{"loc":{"start":{"line":154,"column":2},"end":{"line":158,"column":null}},"type":"if","locations":[{"start":{"line":154,"column":2},"end":{"line":158,"column":null}},{"start":{},"end":{}}],"line":154}},"s":{"0":1,"1":15,"2":15,"3":15,"4":1,"5":1,"6":15,"7":15,"8":6,"9":15,"10":15,"11":2,"12":15,"13":15,"14":42,"15":15,"16":15,"17":15,"18":15,"19":15,"20":15,"21":15,"22":15,"23":15,"24":6,"25":15,"26":1,"27":1,"28":1,"29":1,"30":1,"31":1,"32":1,"33":0,"34":0,"35":0,"36":0,"37":0,"38":0},"f":{"0":15,"1":42,"2":1,"3":0},"b":{"0":[15],"1":[15],"2":[15],"3":[15],"4":[1,14],"5":[6,9],"6":[2,13],"7":[2,13],"8":[6,9],"9":[6,9],"10":[15,15],"11":[15,15],"12":[6,9],"13":[6,5],"14":[6,9]},"meta":{"lastBranch":15,"lastFunction":4,"lastStatement":39,"seen":{"s:1:30:1:Infinity":0,"f:20:16:20:40":0,"s:28:6:28:Infinity":1,"b:24:15:24:Infinity":0,"b:25:16:25:Infinity":1,"b:26:23:26:Infinity":2,"b:27:24:27:Infinity":3,"s:30:18:30:Infinity":2,"b:33:2:36:Infinity:undefined:undefined:undefined:undefined":4,"s:33:2:36:Infinity":3,"s:34:4:34:Infinity":4,"s:35:4:35:Infinity":5,"s:39:31:39:Infinity":6,"b:40:2:42:Infinity:undefined:undefined:undefined:undefined":5,"s:40:2:42:Infinity":7,"s:41:4:41:Infinity":8,"s:45:31:45:Infinity":9,"b:46:2:48:Infinity:undefined:undefined:undefined:undefined":6,"s:46:2:48:Infinity":10,"s:47:4:47:Infinity":11,"s:51:32:53:Infinity":12,"b:52:6:52:Infinity:53:6:53:Infinity":7,"s:56:22:58:Infinity":13,"f:57:9:57:10":1,"s:57:27:57:88":14,"s:61:26:66:Infinity":15,"b:62:6:62:Infinity:66:6:66:Infinity":8,"s:68:21:74:Infinity":16,"b:69:6:73:Infinity:74:6:74:Infinity":9,"s:76:19:124:Infinity":17,"b:91:46:91:74:91:74:91:75":10,"b:92:46:92:74:92:74:92:76":11,"s:128:30:146:Infinity":18,"b:129:6:144:Infinity:146:6:146:Infinity":12,"b:144:17:144:54:144:54:144:61":13,"s:148:23:148:Infinity":19,"s:150:21:150:Infinity":20,"s:151:2:151:Infinity":21,"s:153:2:153:Infinity":22,"b:154:2:158:Infinity:undefined:undefined:undefined:undefined":14,"s:154:2:158:Infinity":23,"s:155:4:157:Infinity":24,"s:159:2:159:Infinity":25,"f:165:16:165:46":2,"s:170:45:170:Infinity":26,"s:171:16:171:Infinity":27,"s:173:19:202:Infinity":28,"s:205:21:205:Infinity":29,"s:206:2:206:Infinity":30,"s:208:2:208:Infinity":31,"s:209:2:209:Infinity":32,"f:231:16:231:35":3,"s:235:24:235:Infinity":33,"s:237:17:237:Infinity":34,"s:282:21:282:Infinity":35,"s:283:2:283:Infinity":36,"s:285:2:285:Infinity":37,"s:286:2:286:Infinity":38}}}
,"/Users/banna/alpheya/pocs/Knative-open-nextjs/packages/kn-next/src/generators/open-next-config.ts": {"path":"/Users/banna/alpheya/pocs/Knative-open-nextjs/packages/kn-next/src/generators/open-next-config.ts","statementMap":{"0":{"start":{"line":1,"column":30},"end":{"line":1,"column":null}},"1":{"start":{"line":9,"column":20},"end":{"line":28,"column":null}},"2":{"start":{"line":42,"column":2},"end":{"line":44,"column":null}},"3":{"start":{"line":43,"column":4},"end":{"line":43,"column":null}},"4":{"start":{"line":46,"column":2},"end":{"line":46,"column":null}},"5":{"start":{"line":54,"column":50},"end":{"line":54,"column":null}},"6":{"start":{"line":57,"column":27},"end":{"line":57,"column":null}},"7":{"start":{"line":58,"column":25},"end":{"line":61,"column":null}},"8":{"start":{"line":62,"column":23},"end":{"line":62,"column":null}},"9":{"start":{"line":63,"column":23},"end":{"line":63,"column":null}},"10":{"start":{"line":64,"column":24},"end":{"line":64,"column":null}},"11":{"start":{"line":66,"column":24},"end":{"line":87,"column":null}},"12":{"start":{"line":106,"column":21},"end":{"line":106,"column":null}},"13":{"start":{"line":107,"column":2},"end":{"line":107,"column":null}},"14":{"start":{"line":109,"column":2},"end":{"line":109,"column":null}},"15":{"start":{"line":110,"column":2},"end":{"line":110,"column":null}},"16":{"start":{"line":119,"column":70},"end":{"line":134,"column":null}},"17":{"start":{"line":120,"column":30},"end":{"line":123,"column":null}},"18":{"start":{"line":124,"column":20},"end":{"line":128,"column":null}},"19":{"start":{"line":129,"column":23},"end":{"line":133,"column":null}},"20":{"start":{"line":136,"column":68},"end":{"line":145,"column":null}},"21":{"start":{"line":137,"column":30},"end":{"line":140,"column":null}},"22":{"start":{"line":141,"column":24},"end":{"line":144,"column":null}},"23":{"start":{"line":152,"column":27},"end":{"line":152,"column":null}},"24":{"start":{"line":153,"column":25},"end":{"line":153,"column":null}},"25":{"start":{"line":155,"column":2},"end":{"line":158,"column":null}}},"fnMap":{"0":{"name":"getQueueAdapter","decl":{"start":{"line":40,"column":9},"end":{"line":40,"column":25}},"loc":{"start":{"line":40,"column":88},"end":{"line":47,"column":null}},"line":40},"1":{"name":"generateOpenNextConfig","decl":{"start":{"line":53,"column":16},"end":{"line":53,"column":39}},"loc":{"start":{"line":53,"column":87},"end":{"line":111,"column":null}},"line":53},"2":{"name":"(anonymous_2)","decl":{"start":{"line":120,"column":7},"end":{"line":120,"column":8}},"loc":{"start":{"line":120,"column":30},"end":{"line":123,"column":null}},"line":120},"3":{"name":"(anonymous_3)","decl":{"start":{"line":124,"column":6},"end":{"line":124,"column":7}},"loc":{"start":{"line":124,"column":20},"end":{"line":128,"column":null}},"line":124},"4":{"name":"(anonymous_4)","decl":{"start":{"line":129,"column":9},"end":{"line":129,"column":10}},"loc":{"start":{"line":129,"column":23},"end":{"line":133,"column":null}},"line":129},"5":{"name":"(anonymous_5)","decl":{"start":{"line":137,"column":9},"end":{"line":137,"column":10}},"loc":{"start":{"line":137,"column":30},"end":{"line":140,"column":null}},"line":137},"6":{"name":"(anonymous_6)","decl":{"start":{"line":141,"column":12},"end":{"line":141,"column":13}},"loc":{"start":{"line":141,"column":24},"end":{"line":144,"column":null}},"line":141},"7":{"name":"getRequiredEnvVars","decl":{"start":{"line":151,"column":16},"end":{"line":151,"column":35}},"loc":{"start":{"line":151,"column":86},"end":{"line":159,"column":null}},"line":151}},"branchMap":{"0":{"loc":{"start":{"line":42,"column":2},"end":{"line":44,"column":null}},"type":"if","locations":[{"start":{"line":42,"column":2},"end":{"line":44,"column":null}},{"start":{},"end":{}}],"line":42},"1":{"loc":{"start":{"line":43,"column":11},"end":{"line":43,"column":null}},"type":"cond-expr","locations":[{"start":{"line":43,"column":47},"end":{"line":43,"column":73}},{"start":{"line":43,"column":73},"end":{"line":43,"column":null}}],"line":43},"2":{"loc":{"start":{"line":46,"column":9},"end":{"line":46,"column":null}},"type":"cond-expr","locations":[{"start":{"line":46,"column":38},"end":{"line":46,"column":64}},{"start":{"line":46,"column":64},"end":{"line":46,"column":null}}],"line":46},"3":{"loc":{"start":{"line":58,"column":25},"end":{"line":61,"column":null}},"type":"cond-expr","locations":[{"start":{"line":59,"column":6},"end":{"line":59,"column":null}},{"start":{"line":60,"column":7},"end":{"line":61,"column":null}}],"line":58},"4":{"loc":{"start":{"line":60,"column":7},"end":{"line":61,"column":null}},"type":"binary-expr","locations":[{"start":{"line":60,"column":7},"end":{"line":60,"column":null}},{"start":{"line":61,"column":6},"end":{"line":61,"column":null}}],"line":60},"5":{"loc":{"start":{"line":62,"column":41},"end":{"line":62,"column":74}},"type":"binary-expr","locations":[{"start":{"line":62,"column":41},"end":{"line":62,"column":67}},{"start":{"line":62,"column":67},"end":{"line":62,"column":74}}],"line":62},"6":{"loc":{"start":{"line":64,"column":24},"end":{"line":64,"column":null}},"type":"cond-expr","locations":[{"start":{"line":64,"column":67},"end":{"line":64,"column":77}},{"start":{"line":64,"column":77},"end":{"line":64,"column":null}}],"line":64},"7":{"loc":{"start":{"line":79,"column":33},"end":{"line":79,"column":66}},"type":"binary-expr","locations":[{"start":{"line":79,"column":33},"end":{"line":79,"column":59}},{"start":{"line":79,"column":59},"end":{"line":79,"column":66}}],"line":79},"8":{"loc":{"start":{"line":126,"column":25},"end":{"line":126,"column":null}},"type":"binary-expr","locations":[{"start":{"line":126,"column":25},"end":{"line":126,"column":43}},{"start":{"line":126,"column":43},"end":{"line":126,"column":null}}],"line":126},"9":{"loc":{"start":{"line":127,"column":8},"end":{"line":127,"column":null}},"type":"cond-expr","locations":[{"start":{"line":127,"column":27},"end":{"line":127,"column":63}},{"start":{"line":127,"column":63},"end":{"line":127,"column":null}}],"line":127},"10":{"loc":{"start":{"line":131,"column":25},"end":{"line":131,"column":null}},"type":"binary-expr","locations":[{"start":{"line":131,"column":25},"end":{"line":131,"column":43}},{"start":{"line":131,"column":43},"end":{"line":131,"column":null}}],"line":131},"11":{"loc":{"start":{"line":132,"column":8},"end":{"line":132,"column":null}},"type":"cond-expr","locations":[{"start":{"line":132,"column":27},"end":{"line":132,"column":63}},{"start":{"line":132,"column":63},"end":{"line":132,"column":null}}],"line":132},"12":{"loc":{"start":{"line":139,"column":22},"end":{"line":139,"column":null}},"type":"binary-expr","locations":[{"start":{"line":139,"column":22},"end":{"line":139,"column":41}},{"start":{"line":139,"column":41},"end":{"line":139,"column":null}}],"line":139},"13":{"loc":{"start":{"line":153,"column":25},"end":{"line":153,"column":null}},"type":"cond-expr","locations":[{"start":{"line":153,"column":40},"end":{"line":153,"column":87}},{"start":{"line":153,"column":87},"end":{"line":153,"column":null}}],"line":153},"14":{"loc":{"start":{"line":156,"column":8},"end":{"line":156,"column":null}},"type":"binary-expr","locations":[{"start":{"line":156,"column":8},"end":{"line":156,"column":59}},{"start":{"line":156,"column":59},"end":{"line":156,"column":null}}],"line":156},"15":{"loc":{"start":{"line":157,"column":8},"end":{"line":157,"column":null}},"type":"binary-expr","locations":[{"start":{"line":157,"column":8},"end":{"line":157,"column":55}},{"start":{"line":157,"column":55},"end":{"line":157,"column":null}}],"line":157}},"s":{"0":2,"1":2,"2":3,"3":0,"4":3,"5":3,"6":3,"7":3,"8":3,"9":3,"10":3,"11":3,"12":3,"13":3,"14":3,"15":3,"16":2,"17":17,"18":0,"19":1,"20":2,"21":2,"22":0,"23":18,"24":18,"25":18},"f":{"0":3,"1":3,"2":17,"3":0,"4":1,"5":2,"6":0,"7":18},"b":{"0":[0,3],"1":[0,0],"2":[3,0],"3":[1,2],"4":[2,0],"5":[3,2],"6":[3,0],"7":[3,2],"8":[0,0],"9":[0,0],"10":[1,0],"11":[1,0],"12":[2,2],"13":[2,16],"14":[18,0],"15":[18,16]},"meta":{"lastBranch":16,"lastFunction":8,"lastStatement":26,"seen":{"s:1:30:1:Infinity":0,"s:9:20:28:Infinity":1,"f:40:9:40:25":0,"b:42:2:44:Infinity:undefined:undefined:undefined:undefined":0,"s:42:2:44:Infinity":2,"s:43:4:43:Infinity":3,"b:43:47:43:73:43:73:43:Infinity":1,"s:46:2:46:Infinity":4,"b:46:38:46:64:46:64:46:Infinity":2,"f:53:16:53:39":1,"s:54:50:54:Infinity":5,"s:57:27:57:Infinity":6,"s:58:25:61:Infinity":7,"b:59:6:59:Infinity:60:7:61:Infinity":3,"b:60:7:60:Infinity:61:6:61:Infinity":4,"s:62:23:62:Infinity":8,"b:62:41:62:67:62:67:62:74":5,"s:63:23:63:Infinity":9,"s:64:24:64:Infinity":10,"b:64:67:64:77:64:77:64:Infinity":6,"s:66:24:87:Infinity":11,"b:79:33:79:59:79:59:79:66":7,"s:106:21:106:Infinity":12,"s:107:2:107:Infinity":13,"s:109:2:109:Infinity":14,"s:110:2:110:Infinity":15,"s:119:70:134:Infinity":16,"f:120:7:120:8":2,"s:120:30:123:Infinity":17,"f:124:6:124:7":3,"s:124:20:128:Infinity":18,"b:126:25:126:43:126:43:126:Infinity":8,"b:127:27:127:63:127:63:127:Infinity":9,"f:129:9:129:10":4,"s:129:23:133:Infinity":19,"b:131:25:131:43:131:43:131:Infinity":10,"b:132:27:132:63:132:63:132:Infinity":11,"s:136:68:145:Infinity":20,"f:137:9:137:10":5,"s:137:30:140:Infinity":21,"b:139:22:139:41:139:41:139:Infinity":12,"f:141:12:141:13":6,"s:141:24:144:Infinity":22,"f:151:16:151:35":7,"s:152:27:152:Infinity":23,"s:153:25:153:Infinity":24,"b:153:40:153:87:153:87:153:Infinity":13,"s:155:2:158:Infinity":25,"b:156:8:156:59:156:59:156:Infinity":14,"b:157:8:157:55:157:55:157:Infinity":15}}}
,"/Users/banna/alpheya/pocs/Knative-open-nextjs/scripts/lib/manifest-patch.ts": {"path":"/Users/banna/alpheya/pocs/Knative-open-nextjs/scripts/lib/manifest-patch.ts","statementMap":{"0":{"start":{"line":10,"column":26},"end":{"line":10,"column":null}},"1":{"start":{"line":11,"column":20},"end":{"line":11,"column":null}},"2":{"start":{"line":12,"column":18},"end":{"line":12,"column":null}},"3":{"start":{"line":14,"column":2},"end":{"line":16,"column":null}},"4":{"start":{"line":15,"column":4},"end":{"line":15,"column":null}},"5":{"start":{"line":18,"column":31},"end":{"line":32,"column":null}},"6":{"start":{"line":19,"column":25},"end":{"line":19,"column":null}},"7":{"start":{"line":20,"column":4},"end":{"line":22,"column":null}},"8":{"start":{"line":21,"column":6},"end":{"line":21,"column":null}},"9":{"start":{"line":23,"column":4},"end":{"line":23,"column":null}},"10":{"start":{"line":23,"column":30},"end":{"line":23,"column":null}},"11":{"start":{"line":24,"column":4},"end":{"line":30,"column":null}},"12":{"start":{"line":25,"column":26},"end":{"line":25,"column":null}},"13":{"start":{"line":26,"column":6},"end":{"line":28,"column":null}},"14":{"start":{"line":27,"column":8},"end":{"line":27,"column":null}},"15":{"start":{"line":29,"column":6},"end":{"line":29,"column":null}},"16":{"start":{"line":31,"column":4},"end":{"line":31,"column":null}},"17":{"start":{"line":34,"column":19},"end":{"line":34,"column":null}},"18":{"start":{"line":36,"column":2},"end":{"line":43,"column":null}},"19":{"start":{"line":37,"column":19},"end":{"line":37,"column":null}},"20":{"start":{"line":38,"column":20},"end":{"line":38,"column":null}},"21":{"start":{"line":39,"column":28},"end":{"line":39,"column":null}},"22":{"start":{"line":40,"column":4},"end":{"line":40,"column":null}},"23":{"start":{"line":42,"column":4},"end":{"line":42,"column":null}}},"fnMap":{"0":{"name":"patchManifestJs","decl":{"start":{"line":9,"column":16},"end":{"line":9,"column":32}},"loc":{"start":{"line":9,"column":64},"end":{"line":44,"column":null}},"line":9},"1":{"name":"(anonymous_1)","decl":{"start":{"line":18,"column":31},"end":{"line":18,"column":32}},"loc":{"start":{"line":18,"column":52},"end":{"line":32,"column":null}},"line":18}},"branchMap":{"0":{"loc":{"start":{"line":11,"column":20},"end":{"line":11,"column":null}},"type":"cond-expr","locations":[{"start":{"line":11,"column":45},"end":{"line":11,"column":85}},{"start":{"line":11,"column":85},"end":{"line":11,"column":null}}],"line":11},"1":{"loc":{"start":{"line":12,"column":18},"end":{"line":12,"column":null}},"type":"cond-expr","locations":[{"start":{"line":12,"column":37},"end":{"line":12,"column":64}},{"start":{"line":12,"column":64},"end":{"line":12,"column":null}}],"line":12},"2":{"loc":{"start":{"line":14,"column":2},"end":{"line":16,"column":null}},"type":"if","locations":[{"start":{"line":14,"column":2},"end":{"line":16,"column":null}},{"start":{},"end":{}}],"line":14},"3":{"loc":{"start":{"line":14,"column":6},"end":{"line":14,"column":92}},"type":"binary-expr","locations":[{"start":{"line":14,"column":6},"end":{"line":14,"column":32}},{"start":{"line":14,"column":32},"end":{"line":14,"column":52}},{"start":{"line":14,"column":52},"end":{"line":14,"column":70}},{"start":{"line":14,"column":70},"end":{"line":14,"column":92}}],"line":14},"4":{"loc":{"start":{"line":20,"column":4},"end":{"line":22,"column":null}},"type":"if","locations":[{"start":{"line":20,"column":4},"end":{"line":22,"column":null}},{"start":{},"end":{}}],"line":20},"5":{"loc":{"start":{"line":21,"column":13},"end":{"line":21,"column":null}},"type":"cond-expr","locations":[{"start":{"line":21,"column":44},"end":{"line":21,"column":85}},{"start":{"line":21,"column":85},"end":{"line":21,"column":null}}],"line":21},"6":{"loc":{"start":{"line":23,"column":4},"end":{"line":23,"column":null}},"type":"if","locations":[{"start":{"line":23,"column":4},"end":{"line":23,"column":null}},{"start":{},"end":{}}],"line":23},"7":{"loc":{"start":{"line":24,"column":4},"end":{"line":30,"column":null}},"type":"if","locations":[{"start":{"line":24,"column":4},"end":{"line":30,"column":null}},{"start":{},"end":{}}],"line":24},"8":{"loc":{"start":{"line":24,"column":8},"end":{"line":24,"column":44}},"type":"binary-expr","locations":[{"start":{"line":24,"column":8},"end":{"line":24,"column":17}},{"start":{"line":24,"column":17},"end":{"line":24,"column":44}}],"line":24}},"s":{"0":12,"1":12,"2":12,"3":12,"4":2,"5":10,"6":27,"7":27,"8":12,"9":15,"10":15,"11":13,"12":13,"13":13,"14":15,"15":13,"16":0,"17":10,"18":10,"19":10,"20":10,"21":10,"22":10,"23":1},"f":{"0":12,"1":27},"b":{"0":[11,1],"1":[10,2],"2":[2,10],"3":[12,11,10,10],"4":[12,15],"5":[10,2],"6":[2,13],"7":[13,0],"8":[13,13]},"meta":{"lastBranch":9,"lastFunction":2,"lastStatement":24,"seen":{"f:9:16:9:32":0,"s:10:26:10:Infinity":0,"s:11:20:11:Infinity":1,"b:11:45:11:85:11:85:11:Infinity":0,"s:12:18:12:Infinity":2,"b:12:37:12:64:12:64:12:Infinity":1,"b:14:2:16:Infinity:undefined:undefined:undefined:undefined":2,"s:14:2:16:Infinity":3,"b:14:6:14:32:14:32:14:52:14:52:14:70:14:70:14:92":3,"s:15:4:15:Infinity":4,"s:18:31:32:Infinity":5,"f:18:31:18:32":1,"s:19:25:19:Infinity":6,"b:20:4:22:Infinity:undefined:undefined:undefined:undefined":4,"s:20:4:22:Infinity":7,"s:21:6:21:Infinity":8,"b:21:44:21:85:21:85:21:Infinity":5,"b:23:4:23:Infinity:undefined:undefined:undefined:undefined":6,"s:23:4:23:Infinity":9,"s:23:30:23:Infinity":10,"b:24:4:30:Infinity:undefined:undefined:undefined:undefined":7,"s:24:4:30:Infinity":11,"b:24:8:24:17:24:17:24:44":8,"s:25:26:25:Infinity":12,"s:26:6:28:Infinity":13,"s:27:8:27:Infinity":14,"s:29:6:29:Infinity":15,"s:31:4:31:Infinity":16,"s:34:19:34:Infinity":17,"s:36:2:43:Infinity":18,"s:37:19:37:Infinity":19,"s:38:20:38:Infinity":20,"s:39:28:39:Infinity":21,"s:40:4:40:Infinity":22,"s:42:4:42:Infinity":23}}}
,"/Users/banna/alpheya/pocs/Knative-open-nextjs/scripts/lib/names.ts": {"path":"/Users/banna/alpheya/pocs/Knative-open-nextjs/scripts/lib/names.ts","statementMap":{"0":{"start":{"line":9,"column":16},"end":{"line":9,"column":null}},"1":{"start":{"line":10,"column":19},"end":{"line":10,"column":null}},"2":{"start":{"line":11,"column":18},"end":{"line":11,"column":null}},"3":{"start":{"line":12,"column":2},"end":{"line":12,"column":null}}},"fnMap":{"0":{"name":"toDns1123Label","decl":{"start":{"line":7,"column":16},"end":{"line":7,"column":31}},"loc":{"start":{"line":7,"column":54},"end":{"line":13,"column":null}},"line":7}},"branchMap":{"0":{"loc":{"start":{"line":12,"column":9},"end":{"line":12,"column":null}},"type":"binary-expr","locations":[{"start":{"line":12,"column":9},"end":{"line":12,"column":33}},{"start":{"line":12,"column":33},"end":{"line":12,"column":null}}],"line":12}},"s":{"0":19,"1":19,"2":19,"3":19},"f":{"0":19},"b":{"0":[19,4]},"meta":{"lastBranch":1,"lastFunction":1,"lastStatement":4,"seen":{"f:7:16:7:31":0,"s:9:16:9:Infinity":0,"s:10:19:10:Infinity":1,"s:11:18:11:Infinity":2,"s:12:2:12:Infinity":3,"b:12:9:12:33:12:33:12:Infinity":0}}}
}
